INFO: 10:27:55 item_sets: 
1
('泡面',)
('面包',)
('水',)
('巧克力',)

2
('巧克力', '水')
('巧克力', '泡面')
('巧克力', '面包')
('水', '泡面')
('水', '面包')
('泡面', '面包')

3
('巧克力', '水', '泡面')
('巧克力', '水', '面包')
('巧克力', '泡面', '面包')
('水', '泡面', '面包')

4
('巧克力', '水', '泡面', '面包')


INFO: 10:27:55 rules of 31: 
{巧克力} -> {水} (conf: 1.000, supp: 0.400, lift: 1.000, conv: 0.000)
{巧克力} -> {泡面} (conf: 1.000, supp: 0.400, lift: 1.000, conv: 0.000)
{巧克力} -> {面包} (conf: 1.000, supp: 0.400, lift: 1.250, conv: 200000000.000)
{泡面} -> {水} (conf: 1.000, supp: 1.000, lift: 1.000, conv: 0.000)
{水} -> {泡面} (conf: 1.000, supp: 1.000, lift: 1.000, conv: 0.000)
{面包} -> {水} (conf: 1.000, supp: 0.800, lift: 1.000, conv: 0.000)
{水} -> {面包} (conf: 0.800, supp: 0.800, lift: 1.000, conv: 1.000)
{面包} -> {泡面} (conf: 1.000, supp: 0.800, lift: 1.000, conv: 0.000)
{泡面} -> {面包} (conf: 0.800, supp: 0.800, lift: 1.000, conv: 1.000)
{巧克力, 泡面} -> {水} (conf: 1.000, supp: 0.400, lift: 1.000, conv: 0.000)
{巧克力, 水} -> {泡面} (conf: 1.000, supp: 0.400, lift: 1.000, conv: 0.000)
{巧克力} -> {水, 泡面} (conf: 1.000, supp: 0.400, lift: 1.000, conv: 0.000)
{巧克力, 面包} -> {水} (conf: 1.000, supp: 0.400, lift: 1.000, conv: 0.000)
{巧克力, 水} -> {面包} (conf: 1.000, supp: 0.400, lift: 1.250, conv: 200000000.000)
{巧克力} -> {水, 面包} (conf: 1.000, supp: 0.400, lift: 1.250, conv: 200000000.000)
{巧克力, 面包} -> {泡面} (conf: 1.000, supp: 0.400, lift: 1.000, conv: 0.000)
{巧克力, 泡面} -> {面包} (conf: 1.000, supp: 0.400, lift: 1.250, conv: 200000000.000)
{巧克力} -> {泡面, 面包} (conf: 1.000, supp: 0.400, lift: 1.250, conv: 200000000.000)
{泡面, 面包} -> {水} (conf: 1.000, supp: 0.800, lift: 1.000, conv: 0.000)
{水, 面包} -> {泡面} (conf: 1.000, supp: 0.800, lift: 1.000, conv: 0.000)
{水, 泡面} -> {面包} (conf: 0.800, supp: 0.800, lift: 1.000, conv: 1.000)
{面包} -> {水, 泡面} (conf: 1.000, supp: 0.800, lift: 1.000, conv: 0.000)
{泡面} -> {水, 面包} (conf: 0.800, supp: 0.800, lift: 1.000, conv: 1.000)
{水} -> {泡面, 面包} (conf: 0.800, supp: 0.800, lift: 1.000, conv: 1.000)
{巧克力, 泡面, 面包} -> {水} (conf: 1.000, supp: 0.400, lift: 1.000, conv: 0.000)
{巧克力, 水, 面包} -> {泡面} (conf: 1.000, supp: 0.400, lift: 1.000, conv: 0.000)
{巧克力, 水, 泡面} -> {面包} (conf: 1.000, supp: 0.400, lift: 1.250, conv: 200000000.000)
{巧克力, 面包} -> {水, 泡面} (conf: 1.000, supp: 0.400, lift: 1.000, conv: 0.000)
{巧克力, 泡面} -> {水, 面包} (conf: 1.000, supp: 0.400, lift: 1.250, conv: 200000000.000)
{巧克力, 水} -> {泡面, 面包} (conf: 1.000, supp: 0.400, lift: 1.250, conv: 200000000.000)
{巧克力} -> {水, 泡面, 面包} (conf: 1.000, supp: 0.400, lift: 1.250, conv: 200000000.000)

